<?xml version="1.0" encoding="UTF-8"?>
<testsuite xmlns:xsi="http://www.w3.org/2001/XMLSchema-instance" xsi:noNamespaceSchemaLocation="https://maven.apache.org/surefire/maven-surefire-plugin/xsd/surefire-test-report.xsd" name="br.edu.enascimento.servico.ContaCorrenteServiceTest" time="0.018" tests="9" errors="0" skipped="0" failures="0">
  <properties>
[...]
</properties>
  <testcase name="deveTransferirContasPeloIdDasContasCorrentes" classname="br.edu.enascimento.servico.ContaCorrenteServiceTest" time="0"/>
  <testcase name="deveRetornarUmaContaCorrentePorIdConta" classname="br.edu.enascimento.servico.ContaCorrenteServiceTest" time="0.001"/>
  <testcase name="deveApagarUmaContaPeloIdContaCorrente" classname="br.edu.enascimento.servico.ContaCorrenteServiceTest" time="0.001"/>
  <testcase name="deveRetornarUmaListaDeContasCorrente" classname="br.edu.enascimento.servico.ContaCorrenteServiceTest" time="0.001"/>
  <testcase name="deveTransferirContasPeloIdDasContasCorrenteConsiderandLimite" classname="br.edu.enascimento.servico.ContaCorrenteServiceTest" time="0.002"/>
  <testcase name="deveVerificarEstadoContaCorrenteEhAtivo" classname="br.edu.enascimento.servico.ContaCorrenteServiceTest" time="0.002"/>
  <testcase name="deveVerificarEstadoContaCorrenteEhInativo" classname="br.edu.enascimento.servico.ContaCorrenteServiceTest" time="0.002"/>
  <testcase name="naoDeveTransferirContasPeloIdDasContasCorrente" classname="br.edu.enascimento.servico.ContaCorrenteServiceTest" time="0.002"/>
  <testcase name="deveAdicionarUmaNovaContaCorrente" classname="br.edu.enascimento.servico.ContaCorrenteServiceTest" time="0.001"/>
</testsuite>